<?xml version="1.0" encoding="UTF-8"?>
<!-- Generated by org.testng.reporters.JUnitReportReporter -->
<testsuite hostname="DESKTOP-PUU5827" name="com.Script.TestLoginPage" tests="2" failures="0" timestamp="6 Mar 2020 10:05:38 GMT" time="42.333" errors="0">
  <testcase name="test_validLoginPage" time="26.001" classname="com.Script.TestLoginPage"/>
  <testcase name="test_InvalidLoginPage" time="16.332" classname="com.Script.TestLoginPage"/>
</testsuite> <!-- com.Script.TestLoginPage -->
